[2020-10-11T04:30:19.648Z] INFO: hello jet-logger
[2020-10-11T04:30:19.649Z] IMPORTANT: hello jet-logger
[2020-10-11T04:30:19.649Z] WARNING: hello jet-logger
[2020-10-11T04:30:19.649Z] ERROR: hello jet-logger 

[2020-10-11T04:37:49.320Z] INFO: hello jet-logger
[2020-10-11T04:37:49.320Z] IMPORTANT: hello jet-logger
[2020-10-11T04:37:49.321Z] WARNING: hello jet-logger
[2020-10-11T04:37:49.321Z] ERROR: hello jet-logger 

[2020-10-11T04:38:58.004Z] INFO: hello jet-logger
[2020-10-11T04:38:58.005Z] IMPORTANT: hello jet-logger
[2020-10-11T04:38:58.005Z] WARNING: hello jet-logger
[2020-10-11T04:38:58.006Z] ERROR: hello jet-logger 

INFO: [2020-10-11T04:40:08.671Z] hello jet-logger
IMPORTANT: [2020-10-11T04:40:08.672Z] hello jet-logger
WARNING: [2020-10-11T04:40:08.673Z] hello jet-logger
ERROR: [2020-10-11T04:40:08.673Z] hello jet-logger 

INFO: [2020-10-11T04:44:14.042Z] hello jet-logger
IMPORTANT: [2020-10-11T04:44:14.043Z] hello jet-logger
WARNING: [2020-10-11T04:44:14.044Z] hello jet-logger
ERROR: [2020-10-11T04:44:14.044Z] hello jet-logger 

INFO: [2020-10-11T04:44:14.049Z] hello jet-logger
IMPORTANT: [2020-10-11T04:44:14.049Z] hello jet-logger
WARNING: [2020-10-11T04:44:14.049Z] hello jet-logger
ERROR: [2020-10-11T04:44:14.050Z] hello jet-logger 

[2020-10-11T04:45:39.434Z] INFO: hello jet-logger
[2020-10-11T04:45:39.434Z] IMPORTANT: hello jet-logger
[2020-10-11T04:45:39.435Z] WARNING: hello jet-logger
[2020-10-11T04:45:39.435Z] ERROR: hello jet-logger 

[2020-10-11T04:45:39.440Z] INFO: hello jet-logger
[2020-10-11T04:45:39.440Z] IMPORTANT: hello jet-logger
[2020-10-11T04:45:39.440Z] WARNING: hello jet-logger
[2020-10-11T04:45:39.441Z] ERROR: hello jet-logger 

[2020-10-11T04:50:59.373Z] INFO: hello jet-logger
[2020-10-11T04:50:59.373Z] IMPORTANT: hello jet-logger
[2020-10-11T04:50:59.374Z] WARNING: hello jet-logger
[2020-10-11T04:50:59.375Z] ERROR: hello jet-logger 

[2020-10-11T04:50:59.380Z] INFO: hello jet-logger
[2020-10-11T04:50:59.380Z] IMPORTANT: hello jet-logger
[2020-10-11T04:50:59.381Z] WARNING: hello jet-logger
[2020-10-11T04:50:59.381Z] ERROR: hello jet-logger 

[2020-10-11T04:52:24.907Z] INFO: hello jet-logger
[2020-10-11T04:52:24.908Z] IMPORTANT: hello jet-logger
[2020-10-11T04:52:24.908Z] WARNING: hello jet-logger
[2020-10-11T04:52:24.909Z] ERROR: hello jet-logger 

[2020-10-11T04:52:24.914Z] INFO: hello jet-logger
[2020-10-11T04:52:24.914Z] IMPORTANT: hello jet-logger
[2020-10-11T04:52:24.915Z] WARNING: hello jet-logger
[2020-10-11T04:52:24.915Z] ERROR: hello jet-logger 

[2020-10-11T04:58:33.330Z] INFO: hello jet-logger
[2020-10-11T04:58:33.331Z] IMPORTANT: hello jet-logger
[2020-10-11T04:58:33.331Z] WARNING: hello jet-logger
[2020-10-11T04:58:33.332Z] ERROR: hello jet-logger 

[2020-10-11T04:58:33.337Z] INFO: hello jet-logger
[2020-10-11T04:58:33.337Z] IMPORTANT: hello jet-logger
[2020-10-11T04:58:33.337Z] WARNING: hello jet-logger
[2020-10-11T04:58:33.337Z] ERROR: hello jet-logger 

[2020-10-11T05:03:45.319Z] INFO: hello jet-logger
[2020-10-11T05:03:45.320Z] IMPORTANT: hello jet-logger
[2020-10-11T05:03:45.321Z] WARNING: hello jet-logger
[2020-10-11T05:03:45.321Z] ERROR: hello jet-logger 

[2020-10-11T05:03:45.325Z] INFO: hello jet-logger
[2020-10-11T05:03:45.325Z] IMPORTANT: hello jet-logger
[2020-10-11T05:03:45.326Z] WARNING: hello jet-logger
[2020-10-11T05:03:45.326Z] ERROR: hello jet-logger 

