[2020-10-11T05:03:45.331Z] INFO: hello jet-logger
[2020-10-11T05:03:45.332Z] IMPORTANT: hello jet-logger
[2020-10-11T05:03:45.332Z] WARNING: hello jet-logger
[2020-10-11T05:03:45.332Z] ERROR: hello jet-logger
[2020-10-11T05:03:45.333Z] ERROR: Error: Demo print full error object
    at Object.<anonymous> (C:\Projects\jet-logger\sample-project\src\index.ts:95:13)
    at Module._compile (internal/modules/cjs/loader.js:956:30)
    at Module.m._compile (C:\Users\seanp\AppData\Roaming\npm\node_modules\ts-node\src\index.ts:536:23)
    at Module._extensions..js (internal/modules/cjs/loader.js:973:10)
    at Object.require.extensions.<computed> [as .ts] (C:\Users\seanp\AppData\Roaming\npm\node_modules\ts-node\src\index.ts:539:12)
    at Module.load (internal/modules/cjs/loader.js:812:32)
    at Function.Module._load (internal/modules/cjs/loader.js:724:14)
    at Function.Module.runMain (internal/modules/cjs/loader.js:1025:10)
    at main (C:\Users\seanp\AppData\Roaming\npm\node_modules\ts-node\src\bin.ts:212:14)
    at Object.<anonymous> (C:\Users\seanp\AppData\Roaming\npm\node_modules\ts-node\src\bin.ts:470:3)
[2020-10-11T05:06:18.392Z] INFO: hello jet-logger
[2020-10-11T05:06:18.392Z] IMPORTANT: hello jet-logger
[2020-10-11T05:06:18.392Z] WARNING: hello jet-logger
[2020-10-11T05:06:18.393Z] ERROR: hello jet-logger
[2020-10-11T05:06:18.393Z] ERROR: Error: Demo print full error object
    at Object.<anonymous> (C:\Projects\jet-logger\sample-project\src\index.ts:95:13)
    at Module._compile (internal/modules/cjs/loader.js:956:30)
    at Module.m._compile (C:\Users\seanp\AppData\Roaming\npm\node_modules\ts-node\src\index.ts:536:23)
    at Module._extensions..js (internal/modules/cjs/loader.js:973:10)
    at Object.require.extensions.<computed> [as .ts] (C:\Users\seanp\AppData\Roaming\npm\node_modules\ts-node\src\index.ts:539:12)
    at Module.load (internal/modules/cjs/loader.js:812:32)
    at Function.Module._load (internal/modules/cjs/loader.js:724:14)
    at Function.Module.runMain (internal/modules/cjs/loader.js:1025:10)
    at main (C:\Users\seanp\AppData\Roaming\npm\node_modules\ts-node\src\bin.ts:212:14)
    at Object.<anonymous> (C:\Users\seanp\AppData\Roaming\npm\node_modules\ts-node\src\bin.ts:470:3)
[2020-10-11T05:06:27.248Z] INFO: hello jet-logger
[2020-10-11T05:06:27.248Z] IMPORTANT: hello jet-logger
[2020-10-11T05:06:27.248Z] WARNING: hello jet-logger
[2020-10-11T05:06:27.249Z] ERROR: hello jet-logger
[2020-10-11T05:06:27.249Z] ERROR: Error: Demo print full error object
    at Object.<anonymous> (C:\Projects\jet-logger\sample-project\src\index.ts:95:13)
    at Module._compile (internal/modules/cjs/loader.js:956:30)
    at Module.m._compile (C:\Users\seanp\AppData\Roaming\npm\node_modules\ts-node\src\index.ts:536:23)
    at Module._extensions..js (internal/modules/cjs/loader.js:973:10)
    at Object.require.extensions.<computed> [as .ts] (C:\Users\seanp\AppData\Roaming\npm\node_modules\ts-node\src\index.ts:539:12)
    at Module.load (internal/modules/cjs/loader.js:812:32)
    at Function.Module._load (internal/modules/cjs/loader.js:724:14)
    at Function.Module.runMain (internal/modules/cjs/loader.js:1025:10)
    at main (C:\Users\seanp\AppData\Roaming\npm\node_modules\ts-node\src\bin.ts:212:14)
    at Object.<anonymous> (C:\Users\seanp\AppData\Roaming\npm\node_modules\ts-node\src\bin.ts:470:3)
[2020-10-11T06:33:51.972Z] INFO: hello jet-logger
[2020-10-11T06:33:51.973Z] IMPORTANT: hello jet-logger
[2020-10-11T06:33:51.973Z] WARNING: hello jet-logger
[2020-10-11T06:33:51.973Z] ERROR: hello jet-logger
[2020-10-11T06:33:51.974Z] ERROR: Error: Demo print full error object
    at Object.<anonymous> (C:\Projects\jet-logger\sample-project\src\index.ts:94:13)
    at Module._compile (internal/modules/cjs/loader.js:956:30)
    at Module.m._compile (C:\Users\seanp\AppData\Roaming\npm\node_modules\ts-node\src\index.ts:536:23)
    at Module._extensions..js (internal/modules/cjs/loader.js:973:10)
    at Object.require.extensions.<computed> [as .ts] (C:\Users\seanp\AppData\Roaming\npm\node_modules\ts-node\src\index.ts:539:12)
    at Module.load (internal/modules/cjs/loader.js:812:32)
    at Function.Module._load (internal/modules/cjs/loader.js:724:14)
    at Function.Module.runMain (internal/modules/cjs/loader.js:1025:10)
    at main (C:\Users\seanp\AppData\Roaming\npm\node_modules\ts-node\src\bin.ts:212:14)
    at Object.<anonymous> (C:\Users\seanp\AppData\Roaming\npm\node_modules\ts-node\src\bin.ts:470:3)
[2020-10-11T06:34:11.437Z] INFO: hello jet-logger
[2020-10-11T06:34:11.437Z] IMPORTANT: hello jet-logger
[2020-10-11T06:34:11.437Z] WARNING: hello jet-logger
[2020-10-11T06:34:11.438Z] ERROR: hello jet-logger
[2020-10-11T06:34:11.439Z] ERROR: Error: Demo print full error object
    at Object.<anonymous> (C:\Projects\jet-logger\sample-project\src\index.ts:94:13)
    at Module._compile (internal/modules/cjs/loader.js:956:30)
    at Module.m._compile (C:\Users\seanp\AppData\Roaming\npm\node_modules\ts-node\src\index.ts:536:23)
    at Module._extensions..js (internal/modules/cjs/loader.js:973:10)
    at Object.require.extensions.<computed> [as .ts] (C:\Users\seanp\AppData\Roaming\npm\node_modules\ts-node\src\index.ts:539:12)
    at Module.load (internal/modules/cjs/loader.js:812:32)
    at Function.Module._load (internal/modules/cjs/loader.js:724:14)
    at Function.Module.runMain (internal/modules/cjs/loader.js:1025:10)
    at main (C:\Users\seanp\AppData\Roaming\npm\node_modules\ts-node\src\bin.ts:212:14)
    at Object.<anonymous> (C:\Users\seanp\AppData\Roaming\npm\node_modules\ts-node\src\bin.ts:470:3)
[2020-10-11T06:34:52.766Z] INFO: hello jet-logger
[2020-10-11T06:34:52.766Z] IMPORTANT: hello jet-logger
[2020-10-11T06:34:52.766Z] WARNING: hello jet-logger
[2020-10-11T06:34:52.767Z] ERROR: hello jet-logger
[2020-10-11T06:34:52.767Z] ERROR: Error: Demo print full error object
    at Object.<anonymous> (C:\Projects\jet-logger\sample-project\src\index.ts:94:13)
    at Module._compile (internal/modules/cjs/loader.js:956:30)
    at Module.m._compile (C:\Users\seanp\AppData\Roaming\npm\node_modules\ts-node\src\index.ts:536:23)
    at Module._extensions..js (internal/modules/cjs/loader.js:973:10)
    at Object.require.extensions.<computed> [as .ts] (C:\Users\seanp\AppData\Roaming\npm\node_modules\ts-node\src\index.ts:539:12)
    at Module.load (internal/modules/cjs/loader.js:812:32)
    at Function.Module._load (internal/modules/cjs/loader.js:724:14)
    at Function.Module.runMain (internal/modules/cjs/loader.js:1025:10)
    at main (C:\Users\seanp\AppData\Roaming\npm\node_modules\ts-node\src\bin.ts:212:14)
    at Object.<anonymous> (C:\Users\seanp\AppData\Roaming\npm\node_modules\ts-node\src\bin.ts:470:3)
[2020-10-11T06:35:31.221Z] INFO: hello jet-logger
[2020-10-11T06:35:31.221Z] IMPORTANT: hello jet-logger
[2020-10-11T06:35:31.222Z] WARNING: hello jet-logger
[2020-10-11T06:35:31.222Z] ERROR: hello jet-logger
[2020-10-11T06:35:31.223Z] ERROR: Error: Demo print full error object
    at Object.<anonymous> (C:\Projects\jet-logger\sample-project\src\index.ts:94:13)
    at Module._compile (internal/modules/cjs/loader.js:956:30)
    at Module.m._compile (C:\Users\seanp\AppData\Roaming\npm\node_modules\ts-node\src\index.ts:536:23)
    at Module._extensions..js (internal/modules/cjs/loader.js:973:10)
    at Object.require.extensions.<computed> [as .ts] (C:\Users\seanp\AppData\Roaming\npm\node_modules\ts-node\src\index.ts:539:12)
    at Module.load (internal/modules/cjs/loader.js:812:32)
    at Function.Module._load (internal/modules/cjs/loader.js:724:14)
    at Function.Module.runMain (internal/modules/cjs/loader.js:1025:10)
    at main (C:\Users\seanp\AppData\Roaming\npm\node_modules\ts-node\src\bin.ts:212:14)
    at Object.<anonymous> (C:\Users\seanp\AppData\Roaming\npm\node_modules\ts-node\src\bin.ts:470:3)
[2020-10-11T06:35:57.863Z] INFO: hello jet-logger
[2020-10-11T06:35:57.863Z] IMPORTANT: hello jet-logger
[2020-10-11T06:35:57.864Z] WARNING: hello jet-logger
[2020-10-11T06:35:57.864Z] ERROR: hello jet-logger
[2020-10-11T06:35:57.865Z] ERROR: Error: Demo print full error object
    at Object.<anonymous> (C:\Projects\jet-logger\sample-project\src\index.ts:96:13)
    at Module._compile (internal/modules/cjs/loader.js:956:30)
    at Module.m._compile (C:\Users\seanp\AppData\Roaming\npm\node_modules\ts-node\src\index.ts:536:23)
    at Module._extensions..js (internal/modules/cjs/loader.js:973:10)
    at Object.require.extensions.<computed> [as .ts] (C:\Users\seanp\AppData\Roaming\npm\node_modules\ts-node\src\index.ts:539:12)
    at Module.load (internal/modules/cjs/loader.js:812:32)
    at Function.Module._load (internal/modules/cjs/loader.js:724:14)
    at Function.Module.runMain (internal/modules/cjs/loader.js:1025:10)
    at main (C:\Users\seanp\AppData\Roaming\npm\node_modules\ts-node\src\bin.ts:212:14)
    at Object.<anonymous> (C:\Users\seanp\AppData\Roaming\npm\node_modules\ts-node\src\bin.ts:470:3)
[2020-10-11T06:36:21.700Z] INFO: hello jet-logger
[2020-10-11T06:36:21.700Z] IMPORTANT: hello jet-logger
[2020-10-11T06:36:21.701Z] WARNING: hello jet-logger
[2020-10-11T06:36:21.701Z] ERROR: hello jet-logger
[2020-10-11T06:36:21.702Z] ERROR: Error: Demo print full error object
    at Object.<anonymous> (C:\Projects\jet-logger\sample-project\src\index.ts:96:13)
    at Module._compile (internal/modules/cjs/loader.js:956:30)
    at Module.m._compile (C:\Users\seanp\AppData\Roaming\npm\node_modules\ts-node\src\index.ts:536:23)
    at Module._extensions..js (internal/modules/cjs/loader.js:973:10)
    at Object.require.extensions.<computed> [as .ts] (C:\Users\seanp\AppData\Roaming\npm\node_modules\ts-node\src\index.ts:539:12)
    at Module.load (internal/modules/cjs/loader.js:812:32)
    at Function.Module._load (internal/modules/cjs/loader.js:724:14)
    at Function.Module.runMain (internal/modules/cjs/loader.js:1025:10)
    at main (C:\Users\seanp\AppData\Roaming\npm\node_modules\ts-node\src\bin.ts:212:14)
    at Object.<anonymous> (C:\Users\seanp\AppData\Roaming\npm\node_modules\ts-node\src\bin.ts:470:3)
